<?xml version="1.0" encoding="UTF-8"?>
<testng-results ignored="0" total="1" passed="1" failed="0" skipped="0">
  <reporter-output>
  </reporter-output>
  <suite started-at="2023-01-02T18:39:01 IST" name="SuperProject" finished-at="2023-01-02T18:39:45 IST" duration-ms="44201">
    <groups>
    </groups>
    <test started-at="2023-01-02T18:39:01 IST" name="Super Project Tests" finished-at="2023-01-02T18:39:45 IST" duration-ms="44201">
      <class name="Tests.TestScenario2">
        <test-method is-config="true" signature="setup(java.lang.String)[pri:0, instance:Tests.TestScenario2@359f7cdf]" started-at="2023-01-02T18:39:01 IST" name="setup" finished-at="2023-01-02T18:39:36 IST" duration-ms="35294" status="PASS">
          <params>
            <param index="0">
              <value>
                <![CDATA[chrome]]>
              </value>
            </param>
          </params>
          <reporter-output>
          </reporter-output>
        </test-method> <!-- setup -->
        <test-method signature="Logout()[pri:0, instance:Tests.TestScenario2@359f7cdf]" started-at="2023-01-02T18:39:36 IST" name="Logout" finished-at="2023-01-02T18:39:43 IST" duration-ms="6986" status="PASS">
          <reporter-output>
          </reporter-output>
        </test-method> <!-- Logout -->
        <test-method is-config="true" signature="captureScreenShot(org.testng.ITestResult,java.lang.reflect.Method,org.testng.ITestContext)[pri:0, instance:Tests.TestScenario2@359f7cdf]" started-at="2023-01-02T18:39:43 IST" name="captureScreenShot" finished-at="2023-01-02T18:39:43 IST" duration-ms="8" status="PASS">
          <params>
            <param index="0">
              <value>
                <![CDATA[[TestResult name=Logout status=SUCCESS method=TestScenario2.Logout()[pri:0, instance:Tests.TestScenario2@359f7cdf] output={null}]]]>
              </value>
            </param>
            <param index="1">
              <value>
                <![CDATA[public void Tests.TestScenario2.Logout() throws java.lang.InterruptedException]]>
              </value>
            </param>
            <param index="2">
              <value>
                <![CDATA[org.testng.TestRunner@50d3bf39]]>
              </value>
            </param>
          </params>
          <reporter-output>
          </reporter-output>
        </test-method> <!-- captureScreenShot -->
        <test-method is-config="true" signature="teardown()[pri:0, instance:Tests.TestScenario2@359f7cdf]" started-at="2023-01-02T18:39:43 IST" name="teardown" finished-at="2023-01-02T18:39:45 IST" duration-ms="1832" status="PASS">
          <reporter-output>
          </reporter-output>
        </test-method> <!-- teardown -->
      </class> <!-- Tests.TestScenario2 -->
    </test> <!-- Super Project Tests -->
  </suite> <!-- SuperProject -->
</testng-results>
